<?xml version="1.0" encoding="UTF-8"?>
<testsuite xmlns:xsi="http://www.w3.org/2001/XMLSchema-instance" xsi:noNamespaceSchemaLocation="https://maven.apache.org/surefire/maven-surefire-plugin/xsd/surefire-test-report.xsd" version="3.0.2" name="edu.sdapro.EndToEndDemoTest" time="33.608" tests="1" errors="0" skipped="0" failures="0">
  <properties>
[...]
</properties>
  <testcase name="ingestCreatesIncidentAndAuditTrail" classname="edu.sdapro.EndToEndDemoTest" time="2.738">
    <system-out><![CDATA[15:00:33.596 [main] INFO org.springframework.boot.test.context.SpringBootTestContextBootstrapper -- Found @SpringBootConfiguration edu.sdapro.SdaProApplication for test class edu.sdapro.EndToEndDemoTest

  .   ____          _            __ _ _
 /\\ / ___'_ __ _ _(_)_ __  __ _ \ \ \ \
( ( )\___ | '_ | '_| | '_ \/ _` | \ \ \ \
 \\/  ___)| |_)| | | | | || (_| |  ) ) ) )
  '  |____| .__|_| |_|_| |_\__, | / / / /
 =========|_|==============|___/=/_/_/_/

 :: Spring Boot ::                (v3.3.5)

2026-06-01T15:00:40.563Z  INFO 132 --- [alert-ingestion-service] [           main] edu.sdapro.EndToEndDemoTest              : Starting EndToEndDemoTest using Java 21.0.11 with PID 132 (started by root in /workspace/services/alert-ingestion-service)
2026-06-01T15:00:40.570Z  INFO 132 --- [alert-ingestion-service] [           main] edu.sdapro.EndToEndDemoTest              : No active profile set, falling back to 1 default profile: "default"
2026-06-01T15:00:46.046Z  INFO 132 --- [alert-ingestion-service] [           main] .s.d.r.c.RepositoryConfigurationDelegate : Multiple Spring Data modules found, entering strict repository configuration mode
2026-06-01T15:00:46.072Z  INFO 132 --- [alert-ingestion-service] [           main] .s.d.r.c.RepositoryConfigurationDelegate : Bootstrapping Spring Data Redis repositories in DEFAULT mode.
2026-06-01T15:00:46.921Z  INFO 132 --- [alert-ingestion-service] [           main] .s.d.r.c.RepositoryConfigurationDelegate : Finished Spring Data repository scanning in 687 ms. Found 0 Redis repository interfaces.
2026-06-01T15:00:51.667Z  INFO 132 --- [alert-ingestion-service] [           main] o.s.b.w.embedded.tomcat.TomcatWebServer  : Tomcat initialized with port 0 (http)
2026-06-01T15:00:51.756Z  INFO 132 --- [alert-ingestion-service] [           main] o.apache.catalina.core.StandardService   : Starting service [Tomcat]
2026-06-01T15:00:51.757Z  INFO 132 --- [alert-ingestion-service] [           main] o.apache.catalina.core.StandardEngine    : Starting Servlet engine: [Apache Tomcat/10.1.31]
2026-06-01T15:00:52.080Z  INFO 132 --- [alert-ingestion-service] [           main] o.a.c.c.C.[Tomcat].[localhost].[/]       : Initializing Spring embedded WebApplicationContext
2026-06-01T15:00:52.083Z  INFO 132 --- [alert-ingestion-service] [           main] w.s.c.ServletWebServerApplicationContext : Root WebApplicationContext: initialization completed in 11337 ms
2026-06-01T15:00:52.825Z  INFO 132 --- [alert-ingestion-service] [           main] com.zaxxer.hikari.HikariDataSource       : HikariPool-1 - Starting...
2026-06-01T15:00:55.133Z  INFO 132 --- [alert-ingestion-service] [           main] com.zaxxer.hikari.pool.HikariPool        : HikariPool-1 - Added connection conn0: url=jdbc:h2:mem:testdb user=SDAPRO
2026-06-01T15:00:55.147Z  INFO 132 --- [alert-ingestion-service] [           main] com.zaxxer.hikari.HikariDataSource       : HikariPool-1 - Start completed.
2026-06-01T15:01:02.147Z  INFO 132 --- [alert-ingestion-service] [           main] o.s.b.w.embedded.tomcat.TomcatWebServer  : Tomcat started on port 45415 (http) with context path '/'
2026-06-01T15:01:02.182Z  INFO 132 --- [alert-ingestion-service] [           main] edu.sdapro.EndToEndDemoTest              : Started EndToEndDemoTest in 24.155 seconds (process running for 41.34)
2026-06-01T15:01:03.167Z  INFO 132 --- [alert-ingestion-service] [o-auto-1-exec-1] o.a.c.c.C.[Tomcat].[localhost].[/]       : Initializing Spring DispatcherServlet 'dispatcherServlet'
2026-06-01T15:01:03.167Z  INFO 132 --- [alert-ingestion-service] [o-auto-1-exec-1] o.s.web.servlet.DispatcherServlet        : Initializing Servlet 'dispatcherServlet'
2026-06-01T15:01:03.169Z  INFO 132 --- [alert-ingestion-service] [o-auto-1-exec-1] o.s.web.servlet.DispatcherServlet        : Completed initialization in 2 ms
]]></system-out>
  </testcase>
</testsuite>